Starting a Gradle Daemon, 1 busy and 1 stopped Daemons could not be reused, use --status for details
> Task :gradle-plugin:settings-plugin:checkKotlinGradlePluginConfigurationErrors SKIPPED
> Task :gradle-plugin:shared:checkKotlinGradlePluginConfigurationErrors SKIPPED
> Task :gradle-plugin:shared:compileKotlin UP-TO-DATE
> Task :gradle-plugin:shared:compileJava NO-SOURCE
> Task :gradle-plugin:shared:processResources NO-SOURCE
> Task :gradle-plugin:shared:classes UP-TO-DATE
> Task :gradle-plugin:shared:jar UP-TO-DATE
> Task :gradle-plugin:settings-plugin:compileKotlin UP-TO-DATE
> Task :gradle-plugin:settings-plugin:compileJava NO-SOURCE
> Task :gradle-plugin:settings-plugin:pluginDescriptors UP-TO-DATE
> Task :gradle-plugin:settings-plugin:processResources UP-TO-DATE
> Task :gradle-plugin:settings-plugin:classes UP-TO-DATE
> Task :gradle-plugin:settings-plugin:jar UP-TO-DATE
> Task :gradle-plugin:react-native-gradle-plugin:checkKotlinGradlePluginConfigurationErrors SKIPPED
> Task :gradle-plugin:react-native-gradle-plugin:compileKotlin UP-TO-DATE
> Task :gradle-plugin:react-native-gradle-plugin:compileJava NO-SOURCE
> Task :gradle-plugin:react-native-gradle-plugin:pluginDescriptors UP-TO-DATE
> Task :gradle-plugin:react-native-gradle-plugin:processResources UP-TO-DATE
> Task :gradle-plugin:react-native-gradle-plugin:classes UP-TO-DATE
> Task :gradle-plugin:react-native-gradle-plugin:jar UP-TO-DATE
> Task :app:generateAutolinkingNewArchitectureFiles UP-TO-DATE
> Task :app:generateAutolinkingPackageList UP-TO-DATE
> Task :app:generateCodegenSchemaFromJavaScript SKIPPED
> Task :app:generateCodegenArtifactsFromSchema SKIPPED
> Task :app:generateReactNativeEntryPoint UP-TO-DATE
> Task :react-native-async-storage_async-storage:generateCodegenSchemaFromJavaScript UP-TO-DATE
> Task :react-native-async-storage_async-storage:generateCodegenArtifactsFromSchema UP-TO-DATE
> Task :react-native-async-storage_async-storage:preBuild UP-TO-DATE
> Task :react-native-community_netinfo:preBuild UP-TO-DATE
> Task :react-native-config:generateCodegenSchemaFromJavaScript UP-TO-DATE
> Task :react-native-config:generateCodegenArtifactsFromSchema UP-TO-DATE
> Task :react-native-config:preBuild UP-TO-DATE
> Task :react-native-gesture-handler:generateCodegenSchemaFromJavaScript UP-TO-DATE
> Task :react-native-gesture-handler:generateCodegenArtifactsFromSchema UP-TO-DATE
> Task :react-native-gesture-handler:preBuild UP-TO-DATE
> Task :react-native-haptic-feedback:generateCodegenSchemaFromJavaScript UP-TO-DATE
> Task :react-native-haptic-feedback:generateCodegenArtifactsFromSchema UP-TO-DATE
> Task :react-native-haptic-feedback:preBuild UP-TO-DATE
> Task :react-native-linear-gradient:preBuild UP-TO-DATE
> Task :react-native-safe-area-context:generateCodegenSchemaFromJavaScript UP-TO-DATE
> Task :react-native-safe-area-context:generateCodegenArtifactsFromSchema UP-TO-DATE
> Task :react-native-safe-area-context:preBuild UP-TO-DATE
> Task :react-native-screens:generateCodegenSchemaFromJavaScript UP-TO-DATE
> Task :react-native-screens:generateCodegenArtifactsFromSchema UP-TO-DATE
> Task :react-native-screens:preBuild UP-TO-DATE
> Task :app:preBuild UP-TO-DATE
> Task :app:preDebugBuild UP-TO-DATE
> Task :app:mergeDebugNativeDebugMetadata NO-SOURCE
> Task :app:checkKotlinGradlePluginConfigurationErrors SKIPPED
> Task :app:generateDebugBuildConfig UP-TO-DATE
> Task :react-native-async-storage_async-storage:preDebugBuild UP-TO-DATE
> Task :react-native-async-storage_async-storage:writeDebugAarMetadata UP-TO-DATE
> Task :react-native-community_netinfo:preDebugBuild UP-TO-DATE
> Task :react-native-community_netinfo:writeDebugAarMetadata UP-TO-DATE
> Task :react-native-config:preDebugBuild UP-TO-DATE
> Task :react-native-config:writeDebugAarMetadata UP-TO-DATE
> Task :react-native-gesture-handler:preDebugBuild UP-TO-DATE
> Task :react-native-gesture-handler:writeDebugAarMetadata UP-TO-DATE
> Task :react-native-haptic-feedback:preDebugBuild UP-TO-DATE
> Task :react-native-haptic-feedback:writeDebugAarMetadata UP-TO-DATE
> Task :react-native-linear-gradient:preDebugBuild UP-TO-DATE
> Task :react-native-linear-gradient:writeDebugAarMetadata UP-TO-DATE
> Task :react-native-safe-area-context:preDebugBuild UP-TO-DATE
> Task :react-native-safe-area-context:writeDebugAarMetadata UP-TO-DATE
> Task :react-native-screens:preDebugBuild UP-TO-DATE
> Task :react-native-screens:writeDebugAarMetadata UP-TO-DATE
> Task :app:checkDebugAarMetadata UP-TO-DATE
> Task :app:generateDebugResValues UP-TO-DATE
> Task :react-native-async-storage_async-storage:generateDebugResValues UP-TO-DATE
> Task :react-native-async-storage_async-storage:generateDebugResources UP-TO-DATE
> Task :react-native-async-storage_async-storage:packageDebugResources UP-TO-DATE
> Task :react-native-community_netinfo:generateDebugResValues UP-TO-DATE
> Task :react-native-community_netinfo:generateDebugResources UP-TO-DATE
> Task :react-native-community_netinfo:packageDebugResources UP-TO-DATE
> Task :react-native-config:generateDebugResValues UP-TO-DATE
> Task :react-native-config:generateDebugResources UP-TO-DATE
> Task :react-native-config:packageDebugResources UP-TO-DATE
> Task :react-native-gesture-handler:generateDebugResValues UP-TO-DATE
> Task :react-native-gesture-handler:generateDebugResources UP-TO-DATE
> Task :react-native-gesture-handler:packageDebugResources UP-TO-DATE
> Task :react-native-haptic-feedback:generateDebugResValues UP-TO-DATE
> Task :react-native-haptic-feedback:generateDebugResources UP-TO-DATE
> Task :react-native-haptic-feedback:packageDebugResources UP-TO-DATE
> Task :react-native-linear-gradient:generateDebugResValues UP-TO-DATE
> Task :react-native-linear-gradient:generateDebugResources UP-TO-DATE
> Task :react-native-linear-gradient:packageDebugResources UP-TO-DATE
> Task :react-native-safe-area-context:generateDebugResValues UP-TO-DATE
> Task :react-native-safe-area-context:generateDebugResources UP-TO-DATE
> Task :react-native-safe-area-context:packageDebugResources UP-TO-DATE
> Task :react-native-screens:generateDebugResValues UP-TO-DATE
> Task :react-native-screens:generateDebugResources UP-TO-DATE
> Task :react-native-screens:packageDebugResources UP-TO-DATE
> Task :app:mapDebugSourceSetPaths UP-TO-DATE
> Task :app:generateDebugResources UP-TO-DATE
> Task :app:mergeDebugResources UP-TO-DATE
> Task :app:packageDebugResources UP-TO-DATE
> Task :app:parseDebugLocalResources UP-TO-DATE
> Task :app:createDebugCompatibleScreenManifests UP-TO-DATE
> Task :app:extractDeepLinksDebug UP-TO-DATE
> Task :react-native-async-storage_async-storage:extractDeepLinksDebug UP-TO-DATE
> Task :react-native-async-storage_async-storage:processDebugManifest UP-TO-DATE
> Task :react-native-community_netinfo:extractDeepLinksDebug UP-TO-DATE
> Task :react-native-community_netinfo:processDebugManifest UP-TO-DATE
> Task :react-native-config:extractDeepLinksDebug UP-TO-DATE
> Task :react-native-config:processDebugManifest UP-TO-DATE
> Task :react-native-gesture-handler:extractDeepLinksDebug UP-TO-DATE
> Task :react-native-gesture-handler:processDebugManifest UP-TO-DATE
> Task :react-native-haptic-feedback:extractDeepLinksDebug UP-TO-DATE
> Task :react-native-haptic-feedback:processDebugManifest UP-TO-DATE
> Task :react-native-linear-gradient:extractDeepLinksDebug UP-TO-DATE
> Task :react-native-linear-gradient:processDebugManifest UP-TO-DATE
> Task :react-native-safe-area-context:extractDeepLinksDebug UP-TO-DATE
> Task :react-native-safe-area-context:processDebugManifest UP-TO-DATE
> Task :react-native-screens:extractDeepLinksDebug UP-TO-DATE
> Task :react-native-screens:processDebugManifest UP-TO-DATE
> Task :app:processDebugMainManifest UP-TO-DATE
> Task :app:processDebugManifest UP-TO-DATE
> Task :app:processDebugManifestForPackage UP-TO-DATE
> Task :react-native-async-storage_async-storage:compileDebugLibraryResources UP-TO-DATE
> Task :react-native-async-storage_async-storage:parseDebugLocalResources UP-TO-DATE
> Task :react-native-async-storage_async-storage:generateDebugRFile UP-TO-DATE
> Task :react-native-community_netinfo:compileDebugLibraryResources UP-TO-DATE
> Task :react-native-community_netinfo:parseDebugLocalResources UP-TO-DATE
> Task :react-native-community_netinfo:generateDebugRFile UP-TO-DATE
> Task :react-native-config:compileDebugLibraryResources UP-TO-DATE
> Task :react-native-config:parseDebugLocalResources UP-TO-DATE
> Task :react-native-config:generateDebugRFile UP-TO-DATE
> Task :react-native-gesture-handler:compileDebugLibraryResources UP-TO-DATE
> Task :react-native-gesture-handler:parseDebugLocalResources UP-TO-DATE
> Task :react-native-gesture-handler:generateDebugRFile UP-TO-DATE
> Task :react-native-haptic-feedback:compileDebugLibraryResources UP-TO-DATE
> Task :react-native-haptic-feedback:parseDebugLocalResources UP-TO-DATE
> Task :react-native-haptic-feedback:generateDebugRFile UP-TO-DATE
> Task :react-native-linear-gradient:compileDebugLibraryResources UP-TO-DATE
> Task :react-native-linear-gradient:parseDebugLocalResources UP-TO-DATE
> Task :react-native-linear-gradient:generateDebugRFile UP-TO-DATE
> Task :react-native-safe-area-context:compileDebugLibraryResources UP-TO-DATE
> Task :react-native-safe-area-context:parseDebugLocalResources UP-TO-DATE
> Task :react-native-safe-area-context:generateDebugRFile UP-TO-DATE
> Task :react-native-screens:compileDebugLibraryResources UP-TO-DATE
> Task :react-native-screens:parseDebugLocalResources UP-TO-DATE
> Task :react-native-screens:generateDebugRFile UP-TO-DATE
> Task :app:processDebugResources UP-TO-DATE
> Task :react-native-async-storage_async-storage:generateDebugBuildConfig UP-TO-DATE
> Task :react-native-async-storage_async-storage:javaPreCompileDebug UP-TO-DATE
> Task :react-native-async-storage_async-storage:compileDebugJavaWithJavac UP-TO-DATE
> Task :react-native-async-storage_async-storage:bundleLibCompileToJarDebug UP-TO-DATE
> Task :react-native-community_netinfo:generateDebugBuildConfig UP-TO-DATE
> Task :react-native-community_netinfo:javaPreCompileDebug UP-TO-DATE
> Task :react-native-community_netinfo:compileDebugJavaWithJavac UP-TO-DATE
> Task :react-native-community_netinfo:bundleLibCompileToJarDebug UP-TO-DATE
> Task :react-native-config:generateDebugBuildConfig UP-TO-DATE
> Task :react-native-config:javaPreCompileDebug UP-TO-DATE
> Task :react-native-config:compileDebugJavaWithJavac UP-TO-DATE
> Task :react-native-config:bundleLibCompileToJarDebug UP-TO-DATE
> Task :react-native-gesture-handler:checkKotlinGradlePluginConfigurationErrors SKIPPED
> Task :react-native-gesture-handler:generateDebugBuildConfig UP-TO-DATE
> Task :react-native-gesture-handler:compileDebugKotlin UP-TO-DATE
> Task :react-native-gesture-handler:javaPreCompileDebug UP-TO-DATE
> Task :react-native-gesture-handler:compileDebugJavaWithJavac UP-TO-DATE
> Task :react-native-gesture-handler:bundleLibCompileToJarDebug UP-TO-DATE
> Task :react-native-haptic-feedback:generateDebugBuildConfig UP-TO-DATE
> Task :react-native-haptic-feedback:javaPreCompileDebug UP-TO-DATE
> Task :react-native-haptic-feedback:compileDebugJavaWithJavac UP-TO-DATE
> Task :react-native-haptic-feedback:bundleLibCompileToJarDebug UP-TO-DATE
> Task :react-native-linear-gradient:generateDebugBuildConfig UP-TO-DATE
> Task :react-native-linear-gradient:javaPreCompileDebug UP-TO-DATE
> Task :react-native-linear-gradient:compileDebugJavaWithJavac UP-TO-DATE
> Task :react-native-linear-gradient:bundleLibCompileToJarDebug UP-TO-DATE
> Task :react-native-safe-area-context:checkKotlinGradlePluginConfigurationErrors SKIPPED
> Task :react-native-safe-area-context:generateDebugBuildConfig UP-TO-DATE
> Task :react-native-safe-area-context:compileDebugKotlin UP-TO-DATE
> Task :react-native-safe-area-context:javaPreCompileDebug UP-TO-DATE
> Task :react-native-safe-area-context:compileDebugJavaWithJavac UP-TO-DATE
> Task :react-native-safe-area-context:bundleLibCompileToJarDebug UP-TO-DATE
> Task :react-native-screens:checkKotlinGradlePluginConfigurationErrors SKIPPED
> Task :react-native-screens:generateDebugBuildConfig UP-TO-DATE
> Task :react-native-screens:compileDebugKotlin UP-TO-DATE
> Task :react-native-screens:javaPreCompileDebug UP-TO-DATE
> Task :react-native-screens:compileDebugJavaWithJavac UP-TO-DATE
> Task :react-native-screens:bundleLibCompileToJarDebug UP-TO-DATE
> Task :app:compileDebugKotlin UP-TO-DATE
> Task :app:javaPreCompileDebug UP-TO-DATE
> Task :app:compileDebugJavaWithJavac UP-TO-DATE
> Task :app:mergeDebugShaders UP-TO-DATE
> Task :app:compileDebugShaders NO-SOURCE
> Task :app:generateDebugAssets UP-TO-DATE
> Task :react-native-async-storage_async-storage:mergeDebugShaders UP-TO-DATE
> Task :react-native-async-storage_async-storage:compileDebugShaders NO-SOURCE
> Task :react-native-async-storage_async-storage:generateDebugAssets UP-TO-DATE
> Task :react-native-async-storage_async-storage:mergeDebugAssets UP-TO-DATE
> Task :react-native-community_netinfo:mergeDebugShaders UP-TO-DATE
> Task :react-native-community_netinfo:compileDebugShaders NO-SOURCE
> Task :react-native-community_netinfo:generateDebugAssets UP-TO-DATE
> Task :react-native-community_netinfo:mergeDebugAssets UP-TO-DATE
> Task :react-native-config:mergeDebugShaders UP-TO-DATE
> Task :react-native-config:compileDebugShaders NO-SOURCE
> Task :react-native-config:generateDebugAssets UP-TO-DATE
> Task :react-native-config:mergeDebugAssets UP-TO-DATE
> Task :react-native-gesture-handler:mergeDebugShaders UP-TO-DATE
> Task :react-native-gesture-handler:compileDebugShaders NO-SOURCE
> Task :react-native-gesture-handler:generateDebugAssets UP-TO-DATE
> Task :react-native-gesture-handler:mergeDebugAssets UP-TO-DATE
> Task :react-native-haptic-feedback:mergeDebugShaders UP-TO-DATE
> Task :react-native-haptic-feedback:compileDebugShaders NO-SOURCE
> Task :react-native-haptic-feedback:generateDebugAssets UP-TO-DATE
> Task :react-native-haptic-feedback:mergeDebugAssets UP-TO-DATE
> Task :react-native-linear-gradient:mergeDebugShaders UP-TO-DATE
> Task :react-native-linear-gradient:compileDebugShaders NO-SOURCE
> Task :react-native-linear-gradient:generateDebugAssets UP-TO-DATE
> Task :react-native-linear-gradient:mergeDebugAssets UP-TO-DATE
> Task :react-native-safe-area-context:mergeDebugShaders UP-TO-DATE
> Task :react-native-safe-area-context:compileDebugShaders NO-SOURCE
> Task :react-native-safe-area-context:generateDebugAssets UP-TO-DATE
> Task :react-native-safe-area-context:mergeDebugAssets UP-TO-DATE
> Task :react-native-screens:mergeDebugShaders UP-TO-DATE
> Task :react-native-screens:compileDebugShaders NO-SOURCE
> Task :react-native-screens:generateDebugAssets UP-TO-DATE
> Task :react-native-screens:mergeDebugAssets UP-TO-DATE
> Task :app:mergeDebugAssets UP-TO-DATE
> Task :app:compressDebugAssets UP-TO-DATE
> Task :react-native-gesture-handler:bundleLibRuntimeToJarDebug UP-TO-DATE
> Task :react-native-safe-area-context:bundleLibRuntimeToJarDebug UP-TO-DATE
> Task :react-native-screens:bundleLibRuntimeToJarDebug UP-TO-DATE
> Task :react-native-async-storage_async-storage:bundleLibRuntimeToJarDebug UP-TO-DATE
> Task :react-native-community_netinfo:bundleLibRuntimeToJarDebug UP-TO-DATE
> Task :react-native-config:bundleLibRuntimeToJarDebug UP-TO-DATE
> Task :react-native-haptic-feedback:bundleLibRuntimeToJarDebug UP-TO-DATE
> Task :react-native-linear-gradient:bundleLibRuntimeToJarDebug UP-TO-DATE
> Task :app:desugarDebugFileDependencies UP-TO-DATE
> Task :app:dexBuilderDebug UP-TO-DATE
> Task :app:mergeDebugGlobalSynthetics UP-TO-DATE
> Task :app:processDebugJavaRes UP-TO-DATE
> Task :react-native-async-storage_async-storage:processDebugJavaRes NO-SOURCE
> Task :react-native-community_netinfo:processDebugJavaRes NO-SOURCE
> Task :react-native-config:processDebugJavaRes NO-SOURCE
> Task :react-native-gesture-handler:processDebugJavaRes UP-TO-DATE
> Task :react-native-haptic-feedback:processDebugJavaRes NO-SOURCE
> Task :react-native-linear-gradient:processDebugJavaRes NO-SOURCE
> Task :react-native-safe-area-context:processDebugJavaRes UP-TO-DATE
> Task :react-native-screens:processDebugJavaRes UP-TO-DATE
> Task :app:checkDebugDuplicateClasses UP-TO-DATE
> Task :app:mergeExtDexDebug UP-TO-DATE
> Task :react-native-gesture-handler:bundleLibRuntimeToDirDebug UP-TO-DATE
> Task :react-native-safe-area-context:bundleLibRuntimeToDirDebug UP-TO-DATE
> Task :react-native-screens:bundleLibRuntimeToDirDebug UP-TO-DATE
> Task :react-native-async-storage_async-storage:bundleLibRuntimeToDirDebug UP-TO-DATE
> Task :react-native-community_netinfo:bundleLibRuntimeToDirDebug UP-TO-DATE
> Task :react-native-config:bundleLibRuntimeToDirDebug UP-TO-DATE
> Task :react-native-haptic-feedback:bundleLibRuntimeToDirDebug UP-TO-DATE
> Task :react-native-linear-gradient:bundleLibRuntimeToDirDebug UP-TO-DATE
> Task :app:mergeProjectDexDebug UP-TO-DATE
> Task :app:configureCMakeDebug[arm64-v8a]
> Task :app:buildCMakeDebug[arm64-v8a]
> Task :app:configureCMakeDebug[armeabi-v7a]
> Task :app:mergeLibDexDebug
> Task :app:mergeDebugJavaResource
> Task :app:buildCMakeDebug[armeabi-v7a]
C/C++: Hard link from 'C:\Users\ghula\.gradle\caches\9.0.0\transforms\f97a0c8835e876dfb08e8efd6d33fd2f\transformed\react-android-0.83.1-debug\prefab\modules\reactnative\libs\android.armeabi-v7a\libreactnative.so' to 'E:\pakuni\PakUni\android\app\build\intermediates\cxx\Debug\1u653x72\obj\armeabi-v7a\libreactnative.so' failed. Doing a slower copy instead.
C/C++: Hard link from 'C:\Users\ghula\.gradle\caches\9.0.0\transforms\f97a0c8835e876dfb08e8efd6d33fd2f\transformed\react-android-0.83.1-debug\prefab\modules\reactnative\libs\android.armeabi-v7a\libreactnative.so' to 'E:\pakuni\PakUni\android\app\build\intermediates\cxx\Debug\1u653x72\obj\armeabi-v7a\libreactnative.so' failed. Doing a slower copy instead.

> Task :app:configureCMakeDebug[x86]
> Task :app:buildCMakeDebug[x86]
C/C++: Hard link from 'C:\Users\ghula\.gradle\caches\9.0.0\transforms\f97a0c8835e876dfb08e8efd6d33fd2f\transformed\react-android-0.83.1-debug\prefab\modules\reactnative\libs\android.x86\libreactnative.so' to 'E:\pakuni\PakUni\android\app\build\intermediates\cxx\Debug\1u653x72\obj\x86\libreactnative.so' failed. Doing a slower copy instead.
C/C++: Hard link from 'C:\Users\ghula\.gradle\caches\9.0.0\transforms\f97a0c8835e876dfb08e8efd6d33fd2f\transformed\react-android-0.83.1-debug\prefab\modules\reactnative\libs\android.x86\libreactnative.so' to 'E:\pakuni\PakUni\android\app\build\intermediates\cxx\Debug\1u653x72\obj\x86\libreactnative.so' failed. Doing a slower copy instead.

> Task :app:configureCMakeDebug[x86_64]
> Task :app:buildCMakeDebug[x86_64]
C/C++: Hard link from 'C:\Users\ghula\.gradle\caches\9.0.0\transforms\f97a0c8835e876dfb08e8efd6d33fd2f\transformed\react-android-0.83.1-debug\prefab\modules\reactnative\libs\android.x86_64\libreactnative.so' to 'E:\pakuni\PakUni\android\app\build\intermediates\cxx\Debug\1u653x72\obj\x86_64\libreactnative.so' failed. Doing a slower copy instead.
C/C++: Hard link from 'C:\Users\ghula\.gradle\caches\9.0.0\transforms\f97a0c8835e876dfb08e8efd6d33fd2f\transformed\react-android-0.83.1-debug\prefab\modules\reactnative\libs\android.x86_64\libreactnative.so' to 'E:\pakuni\PakUni\android\app\build\intermediates\cxx\Debug\1u653x72\obj\x86_64\libreactnative.so' failed. Doing a slower copy instead.

> Task :app:mergeDebugJniLibFolders
> Task :react-native-async-storage_async-storage:mergeDebugJniLibFolders
> Task :react-native-async-storage_async-storage:mergeDebugNativeLibs NO-SOURCE
> Task :react-native-async-storage_async-storage:copyDebugJniLibsProjectOnly
> Task :react-native-community_netinfo:mergeDebugJniLibFolders
> Task :react-native-community_netinfo:mergeDebugNativeLibs NO-SOURCE
> Task :react-native-community_netinfo:copyDebugJniLibsProjectOnly
> Task :react-native-config:mergeDebugJniLibFolders
> Task :react-native-config:mergeDebugNativeLibs NO-SOURCE
> Task :react-native-config:copyDebugJniLibsProjectOnly
> Task :react-native-gesture-handler:configureCMakeDebug[arm64-v8a]

> Task :react-native-gesture-handler:buildCMakeDebug[arm64-v8a]
C/C++: Hard link from 'C:\Users\ghula\.gradle\caches\9.0.0\transforms\f97a0c8835e876dfb08e8efd6d33fd2f\transformed\react-android-0.83.1-debug\prefab\modules\reactnative\libs\android.arm64-v8a\libreactnative.so' to 'E:\pakuni\PakUni\node_modules\react-native-gesture-handler\android\build\intermediates\cxx\Debug\4b5y4e4j\obj\arm64-v8a\libreactnative.so' failed. Doing a slower copy instead.
C/C++: Hard link from 'C:\Users\ghula\.gradle\caches\9.0.0\transforms\f97a0c8835e876dfb08e8efd6d33fd2f\transformed\react-android-0.83.1-debug\prefab\modules\reactnative\libs\android.arm64-v8a\libreactnative.so' to 'E:\pakuni\PakUni\node_modules\react-native-gesture-handler\android\build\intermediates\cxx\Debug\4b5y4e4j\obj\arm64-v8a\libreactnative.so' failed. Doing a slower copy instead.

> Task :react-native-gesture-handler:configureCMakeDebug[armeabi-v7a]

> Task :react-native-gesture-handler:buildCMakeDebug[armeabi-v7a]
C/C++: Hard link from 'C:\Users\ghula\.gradle\caches\9.0.0\transforms\f97a0c8835e876dfb08e8efd6d33fd2f\transformed\react-android-0.83.1-debug\prefab\modules\reactnative\libs\android.armeabi-v7a\libreactnative.so' to 'E:\pakuni\PakUni\node_modules\react-native-gesture-handler\android\build\intermediates\cxx\Debug\4b5y4e4j\obj\armeabi-v7a\libreactnative.so' failed. Doing a slower copy instead.
C/C++: Hard link from 'C:\Users\ghula\.gradle\caches\9.0.0\transforms\f97a0c8835e876dfb08e8efd6d33fd2f\transformed\react-android-0.83.1-debug\prefab\modules\reactnative\libs\android.armeabi-v7a\libreactnative.so' to 'E:\pakuni\PakUni\node_modules\react-native-gesture-handler\android\build\intermediates\cxx\Debug\4b5y4e4j\obj\armeabi-v7a\libreactnative.so' failed. Doing a slower copy instead.

> Task :react-native-gesture-handler:configureCMakeDebug[x86]

> Task :react-native-gesture-handler:buildCMakeDebug[x86]
C/C++: Hard link from 'C:\Users\ghula\.gradle\caches\9.0.0\transforms\f97a0c8835e876dfb08e8efd6d33fd2f\transformed\react-android-0.83.1-debug\prefab\modules\reactnative\libs\android.x86\libreactnative.so' to 'E:\pakuni\PakUni\node_modules\react-native-gesture-handler\android\build\intermediates\cxx\Debug\4b5y4e4j\obj\x86\libreactnative.so' failed. Doing a slower copy instead.
C/C++: Hard link from 'C:\Users\ghula\.gradle\caches\9.0.0\transforms\f97a0c8835e876dfb08e8efd6d33fd2f\transformed\react-android-0.83.1-debug\prefab\modules\reactnative\libs\android.x86\libreactnative.so' to 'E:\pakuni\PakUni\node_modules\react-native-gesture-handler\android\build\intermediates\cxx\Debug\4b5y4e4j\obj\x86\libreactnative.so' failed. Doing a slower copy instead.

> Task :react-native-gesture-handler:configureCMakeDebug[x86_64]

> Task :react-native-gesture-handler:buildCMakeDebug[x86_64]
C/C++: Hard link from 'C:\Users\ghula\.gradle\caches\9.0.0\transforms\f97a0c8835e876dfb08e8efd6d33fd2f\transformed\react-android-0.83.1-debug\prefab\modules\reactnative\libs\android.x86_64\libreactnative.so' to 'E:\pakuni\PakUni\node_modules\react-native-gesture-handler\android\build\intermediates\cxx\Debug\4b5y4e4j\obj\x86_64\libreactnative.so' failed. Doing a slower copy instead.
C/C++: Hard link from 'C:\Users\ghula\.gradle\caches\9.0.0\transforms\f97a0c8835e876dfb08e8efd6d33fd2f\transformed\react-android-0.83.1-debug\prefab\modules\reactnative\libs\android.x86_64\libreactnative.so' to 'E:\pakuni\PakUni\node_modules\react-native-gesture-handler\android\build\intermediates\cxx\Debug\4b5y4e4j\obj\x86_64\libreactnative.so' failed. Doing a slower copy instead.

> Task :react-native-gesture-handler:mergeDebugJniLibFolders
> Task :react-native-haptic-feedback:mergeDebugJniLibFolders
> Task :react-native-haptic-feedback:mergeDebugNativeLibs NO-SOURCE
> Task :react-native-haptic-feedback:copyDebugJniLibsProjectOnly
> Task :react-native-linear-gradient:mergeDebugJniLibFolders
> Task :react-native-linear-gradient:mergeDebugNativeLibs NO-SOURCE
> Task :react-native-gesture-handler:mergeDebugNativeLibs
> Task :react-native-linear-gradient:copyDebugJniLibsProjectOnly
> Task :react-native-safe-area-context:mergeDebugJniLibFolders
> Task :react-native-safe-area-context:mergeDebugNativeLibs NO-SOURCE
> Task :react-native-safe-area-context:copyDebugJniLibsProjectOnly
> Task :react-native-gesture-handler:copyDebugJniLibsProjectOnly
> Task :react-native-screens:configureCMakeDebug[arm64-v8a]

> Task :react-native-screens:buildCMakeDebug[arm64-v8a]
C/C++: Hard link from 'C:\Users\ghula\.gradle\caches\9.0.0\transforms\f97a0c8835e876dfb08e8efd6d33fd2f\transformed\react-android-0.83.1-debug\prefab\modules\reactnative\libs\android.arm64-v8a\libreactnative.so' to 'E:\pakuni\PakUni\node_modules\react-native-screens\android\build\intermediates\cxx\Debug\rj383t1z\obj\arm64-v8a\libreactnative.so' failed. Doing a slower copy instead.
C/C++: Hard link from 'C:\Users\ghula\.gradle\caches\9.0.0\transforms\f97a0c8835e876dfb08e8efd6d33fd2f\transformed\react-android-0.83.1-debug\prefab\modules\reactnative\libs\android.arm64-v8a\libreactnative.so' to 'E:\pakuni\PakUni\node_modules\react-native-screens\android\build\intermediates\cxx\Debug\rj383t1z\obj\arm64-v8a\libreactnative.so' failed. Doing a slower copy instead.

> Task :react-native-screens:configureCMakeDebug[armeabi-v7a]

> Task :react-native-screens:buildCMakeDebug[armeabi-v7a]
C/C++: Hard link from 'C:\Users\ghula\.gradle\caches\9.0.0\transforms\f97a0c8835e876dfb08e8efd6d33fd2f\transformed\react-android-0.83.1-debug\prefab\modules\reactnative\libs\android.armeabi-v7a\libreactnative.so' to 'E:\pakuni\PakUni\node_modules\react-native-screens\android\build\intermediates\cxx\Debug\rj383t1z\obj\armeabi-v7a\libreactnative.so' failed. Doing a slower copy instead.
C/C++: Hard link from 'C:\Users\ghula\.gradle\caches\9.0.0\transforms\f97a0c8835e876dfb08e8efd6d33fd2f\transformed\react-android-0.83.1-debug\prefab\modules\reactnative\libs\android.armeabi-v7a\libreactnative.so' to 'E:\pakuni\PakUni\node_modules\react-native-screens\android\build\intermediates\cxx\Debug\rj383t1z\obj\armeabi-v7a\libreactnative.so' failed. Doing a slower copy instead.

> Task :react-native-screens:configureCMakeDebug[x86]

> Task :react-native-screens:buildCMakeDebug[x86]
C/C++: Hard link from 'C:\Users\ghula\.gradle\caches\9.0.0\transforms\f97a0c8835e876dfb08e8efd6d33fd2f\transformed\react-android-0.83.1-debug\prefab\modules\reactnative\libs\android.x86\libreactnative.so' to 'E:\pakuni\PakUni\node_modules\react-native-screens\android\build\intermediates\cxx\Debug\rj383t1z\obj\x86\libreactnative.so' failed. Doing a slower copy instead.
C/C++: Hard link from 'C:\Users\ghula\.gradle\caches\9.0.0\transforms\f97a0c8835e876dfb08e8efd6d33fd2f\transformed\react-android-0.83.1-debug\prefab\modules\reactnative\libs\android.x86\libreactnative.so' to 'E:\pakuni\PakUni\node_modules\react-native-screens\android\build\intermediates\cxx\Debug\rj383t1z\obj\x86\libreactnative.so' failed. Doing a slower copy instead.

> Task :react-native-screens:configureCMakeDebug[x86_64]

> Task :react-native-screens:buildCMakeDebug[x86_64]
C/C++: Hard link from 'C:\Users\ghula\.gradle\caches\9.0.0\transforms\f97a0c8835e876dfb08e8efd6d33fd2f\transformed\react-android-0.83.1-debug\prefab\modules\reactnative\libs\android.x86_64\libreactnative.so' to 'E:\pakuni\PakUni\node_modules\react-native-screens\android\build\intermediates\cxx\Debug\rj383t1z\obj\x86_64\libreactnative.so' failed. Doing a slower copy instead.
C/C++: Hard link from 'C:\Users\ghula\.gradle\caches\9.0.0\transforms\f97a0c8835e876dfb08e8efd6d33fd2f\transformed\react-android-0.83.1-debug\prefab\modules\reactnative\libs\android.x86_64\libreactnative.so' to 'E:\pakuni\PakUni\node_modules\react-native-screens\android\build\intermediates\cxx\Debug\rj383t1z\obj\x86_64\libreactnative.so' failed. Doing a slower copy instead.

> Task :react-native-screens:mergeDebugJniLibFolders
> Task :app:validateSigningDebug
> Task :app:writeDebugAppMetadata
> Task :app:writeDebugSigningConfigVersions
> Task :react-native-async-storage_async-storage:stripDebugDebugSymbols NO-SOURCE
> Task :react-native-async-storage_async-storage:copyDebugJniLibsProjectAndLocalJars
> Task :react-native-screens:mergeDebugNativeLibs
> Task :react-native-async-storage_async-storage:extractDebugAnnotations
> Task :react-native-async-storage_async-storage:extractDeepLinksForAarDebug UP-TO-DATE
> Task :react-native-async-storage_async-storage:mergeDebugGeneratedProguardFiles UP-TO-DATE
> Task :react-native-async-storage_async-storage:mergeDebugConsumerProguardFiles UP-TO-DATE
> Task :react-native-async-storage_async-storage:prepareDebugArtProfile UP-TO-DATE
> Task :react-native-async-storage_async-storage:prepareLintJarForPublish UP-TO-DATE
> Task :react-native-community_netinfo:stripDebugDebugSymbols NO-SOURCE
> Task :react-native-community_netinfo:copyDebugJniLibsProjectAndLocalJars
> Task :react-native-async-storage_async-storage:mergeDebugJavaResource
> Task :react-native-community_netinfo:extractDebugAnnotations
> Task :react-native-async-storage_async-storage:syncDebugLibJars
> Task :react-native-screens:copyDebugJniLibsProjectOnly
> Task :react-native-async-storage_async-storage:bundleDebugAar
> Task :react-native-async-storage_async-storage:assembleDebug
> Task :react-native-community_netinfo:extractDeepLinksForAarDebug
> Task :react-native-community_netinfo:mergeDebugGeneratedProguardFiles
> Task :react-native-community_netinfo:mergeDebugConsumerProguardFiles
> Task :react-native-community_netinfo:prepareDebugArtProfile
> Task :react-native-community_netinfo:prepareLintJarForPublish
> Task :react-native-config:stripDebugDebugSymbols NO-SOURCE
> Task :react-native-community_netinfo:mergeDebugJavaResource
> Task :react-native-config:copyDebugJniLibsProjectAndLocalJars
> Task :react-native-community_netinfo:syncDebugLibJars
> Task :react-native-community_netinfo:bundleDebugAar
> Task :react-native-community_netinfo:assembleDebug
> Task :react-native-config:extractDebugAnnotations
> Task :react-native-config:extractDeepLinksForAarDebug
> Task :react-native-config:mergeDebugGeneratedProguardFiles
> Task :react-native-config:mergeDebugConsumerProguardFiles
> Task :react-native-config:prepareDebugArtProfile
> Task :react-native-config:prepareLintJarForPublish
> Task :react-native-config:mergeDebugJavaResource
> Task :react-native-config:syncDebugLibJars
> Task :react-native-config:bundleDebugAar
> Task :react-native-config:assembleDebug
> Task :react-native-gesture-handler:extractDebugAnnotations
> Task :react-native-gesture-handler:extractDeepLinksForAarDebug UP-TO-DATE
> Task :react-native-gesture-handler:mergeDebugGeneratedProguardFiles UP-TO-DATE
> Task :react-native-gesture-handler:mergeDebugConsumerProguardFiles UP-TO-DATE
> Task :react-native-gesture-handler:prepareDebugArtProfile UP-TO-DATE
> Task :react-native-gesture-handler:prepareLintJarForPublish UP-TO-DATE
> Task :react-native-haptic-feedback:stripDebugDebugSymbols NO-SOURCE
> Task :react-native-haptic-feedback:copyDebugJniLibsProjectAndLocalJars
> Task :react-native-gesture-handler:mergeDebugJavaResource
> Task :react-native-haptic-feedback:extractDebugAnnotations
> Task :react-native-gesture-handler:syncDebugLibJars
> Task :react-native-haptic-feedback:extractDeepLinksForAarDebug
> Task :react-native-haptic-feedback:mergeDebugGeneratedProguardFiles
> Task :react-native-haptic-feedback:mergeDebugConsumerProguardFiles
> Task :react-native-haptic-feedback:prepareDebugArtProfile
> Task :react-native-haptic-feedback:prepareLintJarForPublish
> Task :react-native-linear-gradient:stripDebugDebugSymbols NO-SOURCE
> Task :react-native-haptic-feedback:mergeDebugJavaResource
> Task :react-native-linear-gradient:copyDebugJniLibsProjectAndLocalJars
> Task :react-native-gesture-handler:stripDebugDebugSymbols
> Task :react-native-haptic-feedback:syncDebugLibJars
> Task :react-native-haptic-feedback:bundleDebugAar
> Task :react-native-haptic-feedback:assembleDebug
> Task :react-native-gesture-handler:copyDebugJniLibsProjectAndLocalJars
> Task :react-native-linear-gradient:extractDebugAnnotations
> Task :react-native-gesture-handler:bundleDebugAar
> Task :react-native-gesture-handler:assembleDebug
> Task :react-native-linear-gradient:extractDeepLinksForAarDebug
> Task :react-native-linear-gradient:mergeDebugGeneratedProguardFiles
> Task :react-native-linear-gradient:mergeDebugConsumerProguardFiles
> Task :react-native-linear-gradient:prepareDebugArtProfile
> Task :react-native-linear-gradient:prepareLintJarForPublish
> Task :react-native-safe-area-context:stripDebugDebugSymbols NO-SOURCE
> Task :react-native-linear-gradient:mergeDebugJavaResource
> Task :react-native-safe-area-context:copyDebugJniLibsProjectAndLocalJars
> Task :react-native-linear-gradient:syncDebugLibJars
> Task :react-native-linear-gradient:bundleDebugAar
> Task :react-native-linear-gradient:assembleDebug
> Task :react-native-safe-area-context:extractDebugAnnotations
> Task :react-native-safe-area-context:extractDeepLinksForAarDebug UP-TO-DATE
> Task :react-native-safe-area-context:mergeDebugGeneratedProguardFiles UP-TO-DATE
> Task :react-native-safe-area-context:mergeDebugConsumerProguardFiles UP-TO-DATE
> Task :react-native-safe-area-context:prepareDebugArtProfile UP-TO-DATE
> Task :react-native-safe-area-context:prepareLintJarForPublish UP-TO-DATE
> Task :react-native-safe-area-context:mergeDebugJavaResource
> Task :react-native-screens:extractDebugAnnotations
> Task :react-native-safe-area-context:syncDebugLibJars
> Task :react-native-safe-area-context:bundleDebugAar
> Task :react-native-safe-area-context:assembleDebug
> Task :react-native-screens:extractDeepLinksForAarDebug UP-TO-DATE
> Task :react-native-screens:mergeDebugGeneratedProguardFiles UP-TO-DATE
> Task :react-native-screens:mergeDebugConsumerProguardFiles UP-TO-DATE
> Task :react-native-screens:prepareDebugArtProfile UP-TO-DATE
> Task :react-native-screens:prepareLintJarForPublish UP-TO-DATE
> Task :react-native-screens:mergeDebugJavaResource
> Task :react-native-screens:stripDebugDebugSymbols
> Task :react-native-screens:syncDebugLibJars
> Task :react-native-screens:copyDebugJniLibsProjectAndLocalJars
> Task :react-native-screens:bundleDebugAar
> Task :react-native-screens:assembleDebug
> Task :app:mergeDebugNativeLibs
> Task :app:stripDebugDebugSymbols
> Task :app:packageDebug
> Task :app:createDebugApkListingFileRedirect
> Task :app:assembleDebug

[Incubating] Problems report is available at: file:///E:/pakuni/PakUni/android/build/reports/problems/problems-report.html

Deprecated Gradle features were used in this build, making it incompatible with Gradle 10.

You can use '--warning-mode all' to show the individual deprecation warnings and determine if they come from your own scripts or plugins.

For more on this, please refer to https://docs.gradle.org/9.0.0/userguide/command_line_interface.html#sec:command_line_warnings in the Gradle documentation.

BUILD SUCCESSFUL in 6m 15s
328 actionable tasks: 114 executed, 214 up-to-date
