> Task :gradle-plugin:settings-plugin:checkKotlinGradlePluginConfigurationErrors SKIPPED
> Task :gradle-plugin:shared:checkKotlinGradlePluginConfigurationErrors SKIPPED
> Task :gradle-plugin:shared:compileKotlin UP-TO-DATE
> Task :gradle-plugin:shared:compileJava NO-SOURCE
> Task :gradle-plugin:shared:processResources NO-SOURCE
> Task :gradle-plugin:shared:classes UP-TO-DATE
> Task :gradle-plugin:shared:jar UP-TO-DATE
> Task :gradle-plugin:settings-plugin:compileKotlin UP-TO-DATE
> Task :gradle-plugin:settings-plugin:compileJava NO-SOURCE
> Task :gradle-plugin:settings-plugin:pluginDescriptors UP-TO-DATE
> Task :gradle-plugin:settings-plugin:processResources UP-TO-DATE
> Task :gradle-plugin:settings-plugin:classes UP-TO-DATE
> Task :gradle-plugin:settings-plugin:jar UP-TO-DATE
> Task :gradle-plugin:react-native-gradle-plugin:checkKotlinGradlePluginConfigurationErrors SKIPPED
> Task :gradle-plugin:react-native-gradle-plugin:compileKotlin UP-TO-DATE
> Task :gradle-plugin:react-native-gradle-plugin:compileJava NO-SOURCE
> Task :gradle-plugin:react-native-gradle-plugin:pluginDescriptors UP-TO-DATE
> Task :gradle-plugin:react-native-gradle-plugin:processResources UP-TO-DATE
> Task :gradle-plugin:react-native-gradle-plugin:classes UP-TO-DATE
> Task :gradle-plugin:react-native-gradle-plugin:jar UP-TO-DATE

> Task :app:externalNativeBuildCleanDebug
Clean react_codegen_safeareacontext-armeabi-v7a, react_codegen_rngesturehandler_codegen-armeabi-v7a, react_codegen_rnscreens-armeabi-v7a, appmodules-armeabi-v7a, react_codegen_rnasyncstorage-armeabi-v7a
Clean react_codegen_safeareacontext-arm64-v8a, react_codegen_rngesturehandler_codegen-arm64-v8a, react_codegen_rnscreens-arm64-v8a, appmodules-arm64-v8a, react_codegen_rnasyncstorage-arm64-v8a
Clean react_codegen_safeareacontext-x86, react_codegen_rngesturehandler_codegen-x86, react_codegen_rnscreens-x86, appmodules-x86, react_codegen_rnasyncstorage-x86
Clean react_codegen_safeareacontext-x86_64, react_codegen_rngesturehandler_codegen-x86_64, react_codegen_rnscreens-x86_64, appmodules-x86_64, react_codegen_rnasyncstorage-x86_64

